16-Mar-2024 13:38:32.768 INFO [main] org.apache.catalina.startup.VersionLoggerListener.log Server version name:   Apache Tomcat/10.1.19
16-Mar-2024 13:38:32.773 INFO [main] org.apache.catalina.startup.VersionLoggerListener.log Server built:          Feb 14 2024 19:36:50 UTC
16-Mar-2024 13:38:32.774 INFO [main] org.apache.catalina.startup.VersionLoggerListener.log Server version number: 10.1.19.0
16-Mar-2024 13:38:32.774 INFO [main] org.apache.catalina.startup.VersionLoggerListener.log OS Name:               Windows 11
16-Mar-2024 13:38:32.774 INFO [main] org.apache.catalina.startup.VersionLoggerListener.log OS Version:            10.0
16-Mar-2024 13:38:32.774 INFO [main] org.apache.catalina.startup.VersionLoggerListener.log Architecture:          amd64
16-Mar-2024 13:38:32.774 INFO [main] org.apache.catalina.startup.VersionLoggerListener.log Java Home:             C:\Program Files\Java\jdk-21
16-Mar-2024 13:38:32.775 INFO [main] org.apache.catalina.startup.VersionLoggerListener.log JVM Version:           21.0.2+13-LTS-58
16-Mar-2024 13:38:32.775 INFO [main] org.apache.catalina.startup.VersionLoggerListener.log JVM Vendor:            Oracle Corporation
16-Mar-2024 13:38:32.775 INFO [main] org.apache.catalina.startup.VersionLoggerListener.log CATALINA_BASE:         C:\Users\thoma\IdeaProjects\WebAppProject\Catalina
16-Mar-2024 13:38:32.775 INFO [main] org.apache.catalina.startup.VersionLoggerListener.log CATALINA_HOME:         C:\Program Files\Apache Software Foundation\Tomcat 10.1_Tomcat10.0
16-Mar-2024 13:38:32.786 INFO [main] org.apache.catalina.startup.VersionLoggerListener.log Command line argument: --add-opens=java.base/java.lang=ALL-UNNAMED
16-Mar-2024 13:38:32.787 INFO [main] org.apache.catalina.startup.VersionLoggerListener.log Command line argument: --add-opens=java.base/java.io=ALL-UNNAMED
16-Mar-2024 13:38:32.787 INFO [main] org.apache.catalina.startup.VersionLoggerListener.log Command line argument: --add-opens=java.base/java.util=ALL-UNNAMED
16-Mar-2024 13:38:32.787 INFO [main] org.apache.catalina.startup.VersionLoggerListener.log Command line argument: --add-opens=java.base/java.util.concurrent=ALL-UNNAMED
16-Mar-2024 13:38:32.787 INFO [main] org.apache.catalina.startup.VersionLoggerListener.log Command line argument: --add-opens=java.rmi/sun.rmi.transport=ALL-UNNAMED
16-Mar-2024 13:38:32.787 INFO [main] org.apache.catalina.startup.VersionLoggerListener.log Command line argument: -Dcatalina.home=C:\Program Files\Apache Software Foundation\Tomcat 10.1_Tomcat10.0
16-Mar-2024 13:38:32.787 INFO [main] org.apache.catalina.startup.VersionLoggerListener.log Command line argument: -Dcatalina.base=C:\Users\thoma\IdeaProjects\WebAppProject\Catalina
16-Mar-2024 13:38:32.787 INFO [main] org.apache.catalina.startup.VersionLoggerListener.log Command line argument: -Djava.io.tmpdir=C:\Users\thoma\IdeaProjects\WebAppProject\Catalina\temp
16-Mar-2024 13:38:32.788 INFO [main] org.apache.catalina.startup.VersionLoggerListener.log Command line argument: -Djava.util.logging.config.file=C:\Users\thoma\IdeaProjects\WebAppProject\Catalina\conf\logging.properties
16-Mar-2024 13:38:32.788 INFO [main] org.apache.catalina.startup.VersionLoggerListener.log Command line argument: -Djava.util.logging.manager=org.apache.juli.ClassLoaderLogManager
16-Mar-2024 13:38:32.789 INFO [main] org.apache.catalina.startup.VersionLoggerListener.log Command line argument: -javaagent:C:\Program Files\JetBrains\IntelliJ IDEA Community Edition 2022.2.2\lib\idea_rt.jar=53119:C:\Program Files\JetBrains\IntelliJ IDEA Community Edition 2022.2.2\bin
16-Mar-2024 13:38:32.789 INFO [main] org.apache.catalina.startup.VersionLoggerListener.log Command line argument: -Dfile.encoding=UTF-8
16-Mar-2024 13:38:32.789 INFO [main] org.apache.catalina.startup.VersionLoggerListener.log Command line argument: -Dsun.stdout.encoding=UTF-8
16-Mar-2024 13:38:32.789 INFO [main] org.apache.catalina.startup.VersionLoggerListener.log Command line argument: -Dsun.stderr.encoding=UTF-8
16-Mar-2024 13:38:32.794 INFO [main] org.apache.catalina.core.AprLifecycleListener.lifecycleEvent The Apache Tomcat Native library which allows using OpenSSL was not found on the java.library.path: [C:\Program Files\Java\jdk-21\bin;C:\WINDOWS\Sun\Java\bin;C:\WINDOWS\system32;C:\WINDOWS;C:\Program Files\Common Files\Oracle\Java\javapath;C:\WINDOWS\system32;C:\WINDOWS;C:\WINDOWS\System32\Wbem;C:\WINDOWS\System32\WindowsPowerShell\v1.0\;C:\WINDOWS\System32\OpenSSH\;C:\Program Files\dotnet\;C:\Users\thoma\AppData\Local\Microsoft\WindowsApps;C:\altera\13.0sp1\modelsim_ase\win32aloem;C:\Users\thoma\AppData\Local\GitHubDesktop\bin;C:\Users\thoma\AppData\Local\Programs\Microsoft VS Code\bin;.]
16-Mar-2024 13:38:33.136 INFO [main] org.apache.coyote.AbstractProtocol.init Initializing ProtocolHandler ["http-nio-8080"]
16-Mar-2024 13:38:33.146 SEVERE [main] org.apache.catalina.util.LifecycleBase.handleSubClassException Failed to initialize component [Connector["http-nio-8080"]]
	org.apache.catalina.LifecycleException: Protocol handler initialization failed
		at org.apache.catalina.connector.Connector.initInternal(Connector.java:1015)
		at org.apache.catalina.util.LifecycleBase.init(LifecycleBase.java:127)
		at org.apache.catalina.core.StandardService.initInternal(StandardService.java:554)
		at org.apache.catalina.util.LifecycleBase.init(LifecycleBase.java:127)
		at org.apache.catalina.core.StandardServer.initInternal(StandardServer.java:1017)
		at org.apache.catalina.util.LifecycleBase.init(LifecycleBase.java:127)
		at org.apache.catalina.startup.Catalina.load(Catalina.java:708)
		at org.apache.catalina.startup.Catalina.load(Catalina.java:731)
		at java.base/jdk.internal.reflect.DirectMethodHandleAccessor.invoke(DirectMethodHandleAccessor.java:103)
		at java.base/java.lang.reflect.Method.invoke(Method.java:580)
		at org.apache.catalina.startup.Bootstrap.load(Bootstrap.java:302)
		at org.apache.catalina.startup.Bootstrap.main(Bootstrap.java:475)
	Caused by: java.net.BindException: Address already in use: bind
		at java.base/sun.nio.ch.Net.bind0(Native Method)
		at java.base/sun.nio.ch.Net.bind(Net.java:565)
		at java.base/sun.nio.ch.ServerSocketChannelImpl.netBind(ServerSocketChannelImpl.java:344)
		at java.base/sun.nio.ch.ServerSocketChannelImpl.bind(ServerSocketChannelImpl.java:301)
		at org.apache.tomcat.util.net.NioEndpoint.initServerSocket(NioEndpoint.java:247)
		at org.apache.tomcat.util.net.NioEndpoint.bind(NioEndpoint.java:202)
		at org.apache.tomcat.util.net.AbstractEndpoint.bindWithCleanup(AbstractEndpoint.java:1282)
		at org.apache.tomcat.util.net.AbstractEndpoint.init(AbstractEndpoint.java:1295)
		at org.apache.coyote.AbstractProtocol.init(AbstractProtocol.java:624)
		at org.apache.coyote.http11.AbstractHttp11Protocol.init(AbstractHttp11Protocol.java:77)
		at org.apache.catalina.connector.Connector.initInternal(Connector.java:1013)
		... 11 more
16-Mar-2024 13:38:33.147 INFO [main] org.apache.catalina.startup.Catalina.load Server initialization in [584] milliseconds
16-Mar-2024 13:38:33.206 INFO [main] org.apache.catalina.core.StandardService.startInternal Starting service [Catalina]
16-Mar-2024 13:38:33.206 INFO [main] org.apache.catalina.core.StandardEngine.startInternal Starting Servlet engine: [Apache Tomcat/10.1.19]
16-Mar-2024 13:38:33.246 INFO [main] org.apache.catalina.startup.HostConfig.deployDescriptor Deploying deployment descriptor [C:\Users\thoma\IdeaProjects\WebAppProject\Catalina\conf\Catalina\localhost\WebApp.xml]
16-Mar-2024 13:38:33.702 INFO [main] org.apache.catalina.startup.HostConfig.deployDescriptor Deployment of deployment descriptor [C:\Users\thoma\IdeaProjects\WebAppProject\Catalina\conf\Catalina\localhost\WebApp.xml] has finished in [454] ms
16-Mar-2024 13:38:33.707 INFO [main] org.apache.catalina.startup.Catalina.start Server startup in [558] milliseconds
16-Mar-2024 13:42:28.808 INFO [Thread-1] org.apache.coyote.AbstractProtocol.pause Pausing ProtocolHandler ["http-nio-8080"]
16-Mar-2024 13:42:28.808 INFO [Thread-1] org.apache.catalina.core.StandardService.stopInternal Stopping service [Catalina]
16-Mar-2024 13:42:28.819 INFO [Thread-1] org.apache.coyote.AbstractProtocol.stop Stopping ProtocolHandler ["http-nio-8080"]
16-Mar-2024 13:42:28.819 INFO [Thread-1] org.apache.coyote.AbstractProtocol.destroy Destroying ProtocolHandler ["http-nio-8080"]
16-Mar-2024 13:42:31.382 INFO [main] org.apache.catalina.startup.VersionLoggerListener.log Server version name:   Apache Tomcat/10.1.19
16-Mar-2024 13:42:31.387 INFO [main] org.apache.catalina.startup.VersionLoggerListener.log Server built:          Feb 14 2024 19:36:50 UTC
16-Mar-2024 13:42:31.388 INFO [main] org.apache.catalina.startup.VersionLoggerListener.log Server version number: 10.1.19.0
16-Mar-2024 13:42:31.388 INFO [main] org.apache.catalina.startup.VersionLoggerListener.log OS Name:               Windows 11
16-Mar-2024 13:42:31.388 INFO [main] org.apache.catalina.startup.VersionLoggerListener.log OS Version:            10.0
16-Mar-2024 13:42:31.388 INFO [main] org.apache.catalina.startup.VersionLoggerListener.log Architecture:          amd64
16-Mar-2024 13:42:31.388 INFO [main] org.apache.catalina.startup.VersionLoggerListener.log Java Home:             C:\Program Files\Java\jdk-21
16-Mar-2024 13:42:31.388 INFO [main] org.apache.catalina.startup.VersionLoggerListener.log JVM Version:           21.0.2+13-LTS-58
16-Mar-2024 13:42:31.388 INFO [main] org.apache.catalina.startup.VersionLoggerListener.log JVM Vendor:            Oracle Corporation
16-Mar-2024 13:42:31.388 INFO [main] org.apache.catalina.startup.VersionLoggerListener.log CATALINA_BASE:         C:\Users\thoma\IdeaProjects\WebAppProject\Catalina
16-Mar-2024 13:42:31.389 INFO [main] org.apache.catalina.startup.VersionLoggerListener.log CATALINA_HOME:         C:\Program Files\Apache Software Foundation\Tomcat 10.1_Tomcat10.0
16-Mar-2024 13:42:31.398 INFO [main] org.apache.catalina.startup.VersionLoggerListener.log Command line argument: --add-opens=java.base/java.lang=ALL-UNNAMED
16-Mar-2024 13:42:31.398 INFO [main] org.apache.catalina.startup.VersionLoggerListener.log Command line argument: --add-opens=java.base/java.io=ALL-UNNAMED
16-Mar-2024 13:42:31.399 INFO [main] org.apache.catalina.startup.VersionLoggerListener.log Command line argument: --add-opens=java.base/java.util=ALL-UNNAMED
16-Mar-2024 13:42:31.399 INFO [main] org.apache.catalina.startup.VersionLoggerListener.log Command line argument: --add-opens=java.base/java.util.concurrent=ALL-UNNAMED
16-Mar-2024 13:42:31.399 INFO [main] org.apache.catalina.startup.VersionLoggerListener.log Command line argument: --add-opens=java.rmi/sun.rmi.transport=ALL-UNNAMED
16-Mar-2024 13:42:31.399 INFO [main] org.apache.catalina.startup.VersionLoggerListener.log Command line argument: -Dcatalina.home=C:\Program Files\Apache Software Foundation\Tomcat 10.1_Tomcat10.0
16-Mar-2024 13:42:31.399 INFO [main] org.apache.catalina.startup.VersionLoggerListener.log Command line argument: -Dcatalina.base=C:\Users\thoma\IdeaProjects\WebAppProject\Catalina
16-Mar-2024 13:42:31.399 INFO [main] org.apache.catalina.startup.VersionLoggerListener.log Command line argument: -Djava.io.tmpdir=C:\Users\thoma\IdeaProjects\WebAppProject\Catalina\temp
16-Mar-2024 13:42:31.400 INFO [main] org.apache.catalina.startup.VersionLoggerListener.log Command line argument: -Djava.util.logging.config.file=C:\Users\thoma\IdeaProjects\WebAppProject\Catalina\conf\logging.properties
16-Mar-2024 13:42:31.400 INFO [main] org.apache.catalina.startup.VersionLoggerListener.log Command line argument: -Djava.util.logging.manager=org.apache.juli.ClassLoaderLogManager
16-Mar-2024 13:42:31.400 INFO [main] org.apache.catalina.startup.VersionLoggerListener.log Command line argument: -javaagent:C:\Program Files\JetBrains\IntelliJ IDEA Community Edition 2022.2.2\lib\idea_rt.jar=53207:C:\Program Files\JetBrains\IntelliJ IDEA Community Edition 2022.2.2\bin
16-Mar-2024 13:42:31.400 INFO [main] org.apache.catalina.startup.VersionLoggerListener.log Command line argument: -Dfile.encoding=UTF-8
16-Mar-2024 13:42:31.400 INFO [main] org.apache.catalina.startup.VersionLoggerListener.log Command line argument: -Dsun.stdout.encoding=UTF-8
16-Mar-2024 13:42:31.401 INFO [main] org.apache.catalina.startup.VersionLoggerListener.log Command line argument: -Dsun.stderr.encoding=UTF-8
16-Mar-2024 13:42:31.404 INFO [main] org.apache.catalina.core.AprLifecycleListener.lifecycleEvent The Apache Tomcat Native library which allows using OpenSSL was not found on the java.library.path: [C:\Program Files\Java\jdk-21\bin;C:\WINDOWS\Sun\Java\bin;C:\WINDOWS\system32;C:\WINDOWS;C:\Program Files\Common Files\Oracle\Java\javapath;C:\WINDOWS\system32;C:\WINDOWS;C:\WINDOWS\System32\Wbem;C:\WINDOWS\System32\WindowsPowerShell\v1.0\;C:\WINDOWS\System32\OpenSSH\;C:\Program Files\dotnet\;C:\Users\thoma\AppData\Local\Microsoft\WindowsApps;C:\altera\13.0sp1\modelsim_ase\win32aloem;C:\Users\thoma\AppData\Local\GitHubDesktop\bin;C:\Users\thoma\AppData\Local\Programs\Microsoft VS Code\bin;.]
16-Mar-2024 13:42:31.709 INFO [main] org.apache.coyote.AbstractProtocol.init Initializing ProtocolHandler ["http-nio-8181"]
16-Mar-2024 13:42:31.730 INFO [main] org.apache.catalina.startup.Catalina.load Server initialization in [529] milliseconds
16-Mar-2024 13:42:31.799 INFO [main] org.apache.catalina.core.StandardService.startInternal Starting service [Catalina]
16-Mar-2024 13:42:31.799 INFO [main] org.apache.catalina.core.StandardEngine.startInternal Starting Servlet engine: [Apache Tomcat/10.1.19]
16-Mar-2024 13:42:31.811 INFO [main] org.apache.catalina.startup.HostConfig.deployDescriptor Deploying deployment descriptor [C:\Users\thoma\IdeaProjects\WebAppProject\Catalina\conf\Catalina\localhost\WebApp.xml]
16-Mar-2024 13:42:32.269 INFO [main] org.apache.catalina.startup.HostConfig.deployDescriptor Deployment of deployment descriptor [C:\Users\thoma\IdeaProjects\WebAppProject\Catalina\conf\Catalina\localhost\WebApp.xml] has finished in [457] ms
16-Mar-2024 13:42:32.275 INFO [main] org.apache.coyote.AbstractProtocol.start Starting ProtocolHandler ["http-nio-8181"]
16-Mar-2024 13:42:32.307 INFO [main] org.apache.catalina.startup.Catalina.start Server startup in [576] milliseconds
16-Mar-2024 13:42:54.203 INFO [Thread-1] org.apache.coyote.AbstractProtocol.pause Pausing ProtocolHandler ["http-nio-8181"]
16-Mar-2024 13:42:54.205 INFO [Thread-1] org.apache.catalina.core.StandardService.stopInternal Stopping service [Catalina]
16-Mar-2024 13:42:54.214 INFO [Thread-1] org.apache.coyote.AbstractProtocol.stop Stopping ProtocolHandler ["http-nio-8181"]
16-Mar-2024 13:42:54.218 INFO [Thread-1] org.apache.coyote.AbstractProtocol.destroy Destroying ProtocolHandler ["http-nio-8181"]
16-Mar-2024 13:42:56.517 INFO [main] org.apache.catalina.startup.VersionLoggerListener.log Server version name:   Apache Tomcat/10.1.19
16-Mar-2024 13:42:56.522 INFO [main] org.apache.catalina.startup.VersionLoggerListener.log Server built:          Feb 14 2024 19:36:50 UTC
16-Mar-2024 13:42:56.522 INFO [main] org.apache.catalina.startup.VersionLoggerListener.log Server version number: 10.1.19.0
16-Mar-2024 13:42:56.522 INFO [main] org.apache.catalina.startup.VersionLoggerListener.log OS Name:               Windows 11
16-Mar-2024 13:42:56.522 INFO [main] org.apache.catalina.startup.VersionLoggerListener.log OS Version:            10.0
16-Mar-2024 13:42:56.523 INFO [main] org.apache.catalina.startup.VersionLoggerListener.log Architecture:          amd64
16-Mar-2024 13:42:56.523 INFO [main] org.apache.catalina.startup.VersionLoggerListener.log Java Home:             C:\Program Files\Java\jdk-21
16-Mar-2024 13:42:56.523 INFO [main] org.apache.catalina.startup.VersionLoggerListener.log JVM Version:           21.0.2+13-LTS-58
16-Mar-2024 13:42:56.523 INFO [main] org.apache.catalina.startup.VersionLoggerListener.log JVM Vendor:            Oracle Corporation
16-Mar-2024 13:42:56.523 INFO [main] org.apache.catalina.startup.VersionLoggerListener.log CATALINA_BASE:         C:\Users\thoma\IdeaProjects\WebAppProject\Catalina
16-Mar-2024 13:42:56.523 INFO [main] org.apache.catalina.startup.VersionLoggerListener.log CATALINA_HOME:         C:\Program Files\Apache Software Foundation\Tomcat 10.1_Tomcat10.0
16-Mar-2024 13:42:56.532 INFO [main] org.apache.catalina.startup.VersionLoggerListener.log Command line argument: --add-opens=java.base/java.lang=ALL-UNNAMED
16-Mar-2024 13:42:56.532 INFO [main] org.apache.catalina.startup.VersionLoggerListener.log Command line argument: --add-opens=java.base/java.io=ALL-UNNAMED
16-Mar-2024 13:42:56.532 INFO [main] org.apache.catalina.startup.VersionLoggerListener.log Command line argument: --add-opens=java.base/java.util=ALL-UNNAMED
16-Mar-2024 13:42:56.532 INFO [main] org.apache.catalina.startup.VersionLoggerListener.log Command line argument: --add-opens=java.base/java.util.concurrent=ALL-UNNAMED
16-Mar-2024 13:42:56.532 INFO [main] org.apache.catalina.startup.VersionLoggerListener.log Command line argument: --add-opens=java.rmi/sun.rmi.transport=ALL-UNNAMED
16-Mar-2024 13:42:56.533 INFO [main] org.apache.catalina.startup.VersionLoggerListener.log Command line argument: -Dcatalina.home=C:\Program Files\Apache Software Foundation\Tomcat 10.1_Tomcat10.0
16-Mar-2024 13:42:56.533 INFO [main] org.apache.catalina.startup.VersionLoggerListener.log Command line argument: -Dcatalina.base=C:\Users\thoma\IdeaProjects\WebAppProject\Catalina
16-Mar-2024 13:42:56.533 INFO [main] org.apache.catalina.startup.VersionLoggerListener.log Command line argument: -Djava.io.tmpdir=C:\Users\thoma\IdeaProjects\WebAppProject\Catalina\temp
16-Mar-2024 13:42:56.533 INFO [main] org.apache.catalina.startup.VersionLoggerListener.log Command line argument: -Djava.util.logging.config.file=C:\Users\thoma\IdeaProjects\WebAppProject\Catalina\conf\logging.properties
16-Mar-2024 13:42:56.533 INFO [main] org.apache.catalina.startup.VersionLoggerListener.log Command line argument: -Djava.util.logging.manager=org.apache.juli.ClassLoaderLogManager
16-Mar-2024 13:42:56.533 INFO [main] org.apache.catalina.startup.VersionLoggerListener.log Command line argument: -javaagent:C:\Program Files\JetBrains\IntelliJ IDEA Community Edition 2022.2.2\lib\idea_rt.jar=53212:C:\Program Files\JetBrains\IntelliJ IDEA Community Edition 2022.2.2\bin
16-Mar-2024 13:42:56.533 INFO [main] org.apache.catalina.startup.VersionLoggerListener.log Command line argument: -Dfile.encoding=UTF-8
16-Mar-2024 13:42:56.533 INFO [main] org.apache.catalina.startup.VersionLoggerListener.log Command line argument: -Dsun.stdout.encoding=UTF-8
16-Mar-2024 13:42:56.533 INFO [main] org.apache.catalina.startup.VersionLoggerListener.log Command line argument: -Dsun.stderr.encoding=UTF-8
16-Mar-2024 13:42:56.536 INFO [main] org.apache.catalina.core.AprLifecycleListener.lifecycleEvent The Apache Tomcat Native library which allows using OpenSSL was not found on the java.library.path: [C:\Program Files\Java\jdk-21\bin;C:\WINDOWS\Sun\Java\bin;C:\WINDOWS\system32;C:\WINDOWS;C:\Program Files\Common Files\Oracle\Java\javapath;C:\WINDOWS\system32;C:\WINDOWS;C:\WINDOWS\System32\Wbem;C:\WINDOWS\System32\WindowsPowerShell\v1.0\;C:\WINDOWS\System32\OpenSSH\;C:\Program Files\dotnet\;C:\Users\thoma\AppData\Local\Microsoft\WindowsApps;C:\altera\13.0sp1\modelsim_ase\win32aloem;C:\Users\thoma\AppData\Local\GitHubDesktop\bin;C:\Users\thoma\AppData\Local\Programs\Microsoft VS Code\bin;.]
16-Mar-2024 13:42:56.852 INFO [main] org.apache.coyote.AbstractProtocol.init Initializing ProtocolHandler ["http-nio-8181"]
16-Mar-2024 13:42:56.871 INFO [main] org.apache.catalina.startup.Catalina.load Server initialization in [518] milliseconds
16-Mar-2024 13:42:56.925 INFO [main] org.apache.catalina.core.StandardService.startInternal Starting service [Catalina]
16-Mar-2024 13:42:56.925 INFO [main] org.apache.catalina.core.StandardEngine.startInternal Starting Servlet engine: [Apache Tomcat/10.1.19]
16-Mar-2024 13:42:56.934 INFO [main] org.apache.catalina.startup.HostConfig.deployDescriptor Deploying deployment descriptor [C:\Users\thoma\IdeaProjects\WebAppProject\Catalina\conf\Catalina\localhost\WebApp.xml]
16-Mar-2024 13:42:57.299 INFO [main] org.apache.catalina.startup.HostConfig.deployDescriptor Deployment of deployment descriptor [C:\Users\thoma\IdeaProjects\WebAppProject\Catalina\conf\Catalina\localhost\WebApp.xml] has finished in [365] ms
16-Mar-2024 13:42:57.302 INFO [main] org.apache.coyote.AbstractProtocol.start Starting ProtocolHandler ["http-nio-8181"]
16-Mar-2024 13:42:57.326 INFO [main] org.apache.catalina.startup.Catalina.start Server startup in [453] milliseconds
16-Mar-2024 13:56:07.331 INFO [Thread-1] org.apache.coyote.AbstractProtocol.pause Pausing ProtocolHandler ["http-nio-8181"]
16-Mar-2024 13:56:07.333 INFO [Thread-1] org.apache.catalina.core.StandardService.stopInternal Stopping service [Catalina]
16-Mar-2024 13:56:07.341 INFO [Thread-1] org.apache.coyote.AbstractProtocol.stop Stopping ProtocolHandler ["http-nio-8181"]
16-Mar-2024 13:56:07.344 INFO [Thread-1] org.apache.coyote.AbstractProtocol.destroy Destroying ProtocolHandler ["http-nio-8181"]
16-Mar-2024 13:59:30.844 INFO [main] org.apache.catalina.startup.VersionLoggerListener.log Server version name:   Apache Tomcat/10.1.19
16-Mar-2024 13:59:30.848 INFO [main] org.apache.catalina.startup.VersionLoggerListener.log Server built:          Feb 14 2024 19:36:50 UTC
16-Mar-2024 13:59:30.848 INFO [main] org.apache.catalina.startup.VersionLoggerListener.log Server version number: 10.1.19.0
16-Mar-2024 13:59:30.849 INFO [main] org.apache.catalina.startup.VersionLoggerListener.log OS Name:               Windows 11
16-Mar-2024 13:59:30.849 INFO [main] org.apache.catalina.startup.VersionLoggerListener.log OS Version:            10.0
16-Mar-2024 13:59:30.849 INFO [main] org.apache.catalina.startup.VersionLoggerListener.log Architecture:          amd64
16-Mar-2024 13:59:30.849 INFO [main] org.apache.catalina.startup.VersionLoggerListener.log Java Home:             C:\Program Files\Java\jdk-21
16-Mar-2024 13:59:30.849 INFO [main] org.apache.catalina.startup.VersionLoggerListener.log JVM Version:           21.0.2+13-LTS-58
16-Mar-2024 13:59:30.849 INFO [main] org.apache.catalina.startup.VersionLoggerListener.log JVM Vendor:            Oracle Corporation
16-Mar-2024 13:59:30.849 INFO [main] org.apache.catalina.startup.VersionLoggerListener.log CATALINA_BASE:         C:\Users\thoma\IdeaProjects\WebAppProject\Catalina
16-Mar-2024 13:59:30.849 INFO [main] org.apache.catalina.startup.VersionLoggerListener.log CATALINA_HOME:         C:\Program Files\Apache Software Foundation\Tomcat 10.1_Tomcat10.0
16-Mar-2024 13:59:30.860 INFO [main] org.apache.catalina.startup.VersionLoggerListener.log Command line argument: --add-opens=java.base/java.lang=ALL-UNNAMED
16-Mar-2024 13:59:30.860 INFO [main] org.apache.catalina.startup.VersionLoggerListener.log Command line argument: --add-opens=java.base/java.io=ALL-UNNAMED
16-Mar-2024 13:59:30.860 INFO [main] org.apache.catalina.startup.VersionLoggerListener.log Command line argument: --add-opens=java.base/java.util=ALL-UNNAMED
16-Mar-2024 13:59:30.860 INFO [main] org.apache.catalina.startup.VersionLoggerListener.log Command line argument: --add-opens=java.base/java.util.concurrent=ALL-UNNAMED
16-Mar-2024 13:59:30.861 INFO [main] org.apache.catalina.startup.VersionLoggerListener.log Command line argument: --add-opens=java.rmi/sun.rmi.transport=ALL-UNNAMED
16-Mar-2024 13:59:30.861 INFO [main] org.apache.catalina.startup.VersionLoggerListener.log Command line argument: -Dcatalina.home=C:\Program Files\Apache Software Foundation\Tomcat 10.1_Tomcat10.0
16-Mar-2024 13:59:30.861 INFO [main] org.apache.catalina.startup.VersionLoggerListener.log Command line argument: -Dcatalina.base=C:\Users\thoma\IdeaProjects\WebAppProject\Catalina
16-Mar-2024 13:59:30.861 INFO [main] org.apache.catalina.startup.VersionLoggerListener.log Command line argument: -Djava.io.tmpdir=C:\Users\thoma\IdeaProjects\WebAppProject\Catalina\temp
16-Mar-2024 13:59:30.861 INFO [main] org.apache.catalina.startup.VersionLoggerListener.log Command line argument: -Djava.util.logging.config.file=C:\Users\thoma\IdeaProjects\WebAppProject\Catalina\conf\logging.properties
16-Mar-2024 13:59:30.861 INFO [main] org.apache.catalina.startup.VersionLoggerListener.log Command line argument: -Djava.util.logging.manager=org.apache.juli.ClassLoaderLogManager
16-Mar-2024 13:59:30.861 INFO [main] org.apache.catalina.startup.VersionLoggerListener.log Command line argument: -javaagent:C:\Program Files\JetBrains\IntelliJ IDEA Community Edition 2022.2.2\lib\idea_rt.jar=53470:C:\Program Files\JetBrains\IntelliJ IDEA Community Edition 2022.2.2\bin
16-Mar-2024 13:59:30.861 INFO [main] org.apache.catalina.startup.VersionLoggerListener.log Command line argument: -Dfile.encoding=UTF-8
16-Mar-2024 13:59:30.861 INFO [main] org.apache.catalina.startup.VersionLoggerListener.log Command line argument: -Dsun.stdout.encoding=UTF-8
16-Mar-2024 13:59:30.861 INFO [main] org.apache.catalina.startup.VersionLoggerListener.log Command line argument: -Dsun.stderr.encoding=UTF-8
16-Mar-2024 13:59:30.866 INFO [main] org.apache.catalina.core.AprLifecycleListener.lifecycleEvent The Apache Tomcat Native library which allows using OpenSSL was not found on the java.library.path: [C:\Program Files\Java\jdk-21\bin;C:\WINDOWS\Sun\Java\bin;C:\WINDOWS\system32;C:\WINDOWS;C:\Program Files\Common Files\Oracle\Java\javapath;C:\WINDOWS\system32;C:\WINDOWS;C:\WINDOWS\System32\Wbem;C:\WINDOWS\System32\WindowsPowerShell\v1.0\;C:\WINDOWS\System32\OpenSSH\;C:\Program Files\dotnet\;C:\Users\thoma\AppData\Local\Microsoft\WindowsApps;C:\altera\13.0sp1\modelsim_ase\win32aloem;C:\Users\thoma\AppData\Local\GitHubDesktop\bin;C:\Users\thoma\AppData\Local\Programs\Microsoft VS Code\bin;.]
16-Mar-2024 13:59:31.273 INFO [main] org.apache.coyote.AbstractProtocol.init Initializing ProtocolHandler ["http-nio-8080"]
16-Mar-2024 13:59:31.284 SEVERE [main] org.apache.catalina.util.LifecycleBase.handleSubClassException Failed to initialize component [Connector["http-nio-8080"]]
	org.apache.catalina.LifecycleException: Protocol handler initialization failed
		at org.apache.catalina.connector.Connector.initInternal(Connector.java:1015)
		at org.apache.catalina.util.LifecycleBase.init(LifecycleBase.java:127)
		at org.apache.catalina.core.StandardService.initInternal(StandardService.java:554)
		at org.apache.catalina.util.LifecycleBase.init(LifecycleBase.java:127)
		at org.apache.catalina.core.StandardServer.initInternal(StandardServer.java:1017)
		at org.apache.catalina.util.LifecycleBase.init(LifecycleBase.java:127)
		at org.apache.catalina.startup.Catalina.load(Catalina.java:708)
		at org.apache.catalina.startup.Catalina.load(Catalina.java:731)
		at java.base/jdk.internal.reflect.DirectMethodHandleAccessor.invoke(DirectMethodHandleAccessor.java:103)
		at java.base/java.lang.reflect.Method.invoke(Method.java:580)
		at org.apache.catalina.startup.Bootstrap.load(Bootstrap.java:302)
		at org.apache.catalina.startup.Bootstrap.main(Bootstrap.java:475)
	Caused by: java.net.BindException: Address already in use: bind
		at java.base/sun.nio.ch.Net.bind0(Native Method)
		at java.base/sun.nio.ch.Net.bind(Net.java:565)
		at java.base/sun.nio.ch.ServerSocketChannelImpl.netBind(ServerSocketChannelImpl.java:344)
		at java.base/sun.nio.ch.ServerSocketChannelImpl.bind(ServerSocketChannelImpl.java:301)
		at org.apache.tomcat.util.net.NioEndpoint.initServerSocket(NioEndpoint.java:247)
		at org.apache.tomcat.util.net.NioEndpoint.bind(NioEndpoint.java:202)
		at org.apache.tomcat.util.net.AbstractEndpoint.bindWithCleanup(AbstractEndpoint.java:1282)
		at org.apache.tomcat.util.net.AbstractEndpoint.init(AbstractEndpoint.java:1295)
		at org.apache.coyote.AbstractProtocol.init(AbstractProtocol.java:624)
		at org.apache.coyote.http11.AbstractHttp11Protocol.init(AbstractHttp11Protocol.java:77)
		at org.apache.catalina.connector.Connector.initInternal(Connector.java:1013)
		... 11 more
16-Mar-2024 13:59:31.285 INFO [main] org.apache.catalina.startup.Catalina.load Server initialization in [675] milliseconds
16-Mar-2024 13:59:31.347 INFO [main] org.apache.catalina.core.StandardService.startInternal Starting service [Catalina]
16-Mar-2024 13:59:31.348 INFO [main] org.apache.catalina.core.StandardEngine.startInternal Starting Servlet engine: [Apache Tomcat/10.1.19]
16-Mar-2024 13:59:31.360 INFO [main] org.apache.catalina.startup.HostConfig.deployDescriptor Deploying deployment descriptor [C:\Users\thoma\IdeaProjects\WebAppProject\Catalina\conf\Catalina\localhost\WebApp.xml]
16-Mar-2024 13:59:31.790 INFO [main] org.apache.catalina.startup.HostConfig.deployDescriptor Deployment of deployment descriptor [C:\Users\thoma\IdeaProjects\WebAppProject\Catalina\conf\Catalina\localhost\WebApp.xml] has finished in [429] ms
16-Mar-2024 13:59:31.796 INFO [main] org.apache.catalina.startup.Catalina.start Server startup in [509] milliseconds
16-Mar-2024 14:01:02.232 INFO [Thread-1] org.apache.coyote.AbstractProtocol.pause Pausing ProtocolHandler ["http-nio-8080"]
16-Mar-2024 14:01:02.232 INFO [Thread-1] org.apache.catalina.core.StandardService.stopInternal Stopping service [Catalina]
16-Mar-2024 14:01:02.240 INFO [Thread-1] org.apache.coyote.AbstractProtocol.stop Stopping ProtocolHandler ["http-nio-8080"]
16-Mar-2024 14:01:02.241 INFO [Thread-1] org.apache.coyote.AbstractProtocol.destroy Destroying ProtocolHandler ["http-nio-8080"]
16-Mar-2024 14:01:04.312 INFO [main] org.apache.catalina.startup.VersionLoggerListener.log Server version name:   Apache Tomcat/10.1.19
16-Mar-2024 14:01:04.316 INFO [main] org.apache.catalina.startup.VersionLoggerListener.log Server built:          Feb 14 2024 19:36:50 UTC
16-Mar-2024 14:01:04.316 INFO [main] org.apache.catalina.startup.VersionLoggerListener.log Server version number: 10.1.19.0
16-Mar-2024 14:01:04.317 INFO [main] org.apache.catalina.startup.VersionLoggerListener.log OS Name:               Windows 11
16-Mar-2024 14:01:04.317 INFO [main] org.apache.catalina.startup.VersionLoggerListener.log OS Version:            10.0
16-Mar-2024 14:01:04.317 INFO [main] org.apache.catalina.startup.VersionLoggerListener.log Architecture:          amd64
16-Mar-2024 14:01:04.317 INFO [main] org.apache.catalina.startup.VersionLoggerListener.log Java Home:             C:\Program Files\Java\jdk-21
16-Mar-2024 14:01:04.317 INFO [main] org.apache.catalina.startup.VersionLoggerListener.log JVM Version:           21.0.2+13-LTS-58
16-Mar-2024 14:01:04.317 INFO [main] org.apache.catalina.startup.VersionLoggerListener.log JVM Vendor:            Oracle Corporation
16-Mar-2024 14:01:04.317 INFO [main] org.apache.catalina.startup.VersionLoggerListener.log CATALINA_BASE:         C:\Users\thoma\IdeaProjects\WebAppProject\Catalina
16-Mar-2024 14:01:04.317 INFO [main] org.apache.catalina.startup.VersionLoggerListener.log CATALINA_HOME:         C:\Program Files\Apache Software Foundation\Tomcat 10.1_Tomcat10.0
16-Mar-2024 14:01:04.327 INFO [main] org.apache.catalina.startup.VersionLoggerListener.log Command line argument: --add-opens=java.base/java.lang=ALL-UNNAMED
16-Mar-2024 14:01:04.327 INFO [main] org.apache.catalina.startup.VersionLoggerListener.log Command line argument: --add-opens=java.base/java.io=ALL-UNNAMED
16-Mar-2024 14:01:04.327 INFO [main] org.apache.catalina.startup.VersionLoggerListener.log Command line argument: --add-opens=java.base/java.util=ALL-UNNAMED
16-Mar-2024 14:01:04.327 INFO [main] org.apache.catalina.startup.VersionLoggerListener.log Command line argument: --add-opens=java.base/java.util.concurrent=ALL-UNNAMED
16-Mar-2024 14:01:04.327 INFO [main] org.apache.catalina.startup.VersionLoggerListener.log Command line argument: --add-opens=java.rmi/sun.rmi.transport=ALL-UNNAMED
16-Mar-2024 14:01:04.328 INFO [main] org.apache.catalina.startup.VersionLoggerListener.log Command line argument: -Dcatalina.home=C:\Program Files\Apache Software Foundation\Tomcat 10.1_Tomcat10.0
16-Mar-2024 14:01:04.328 INFO [main] org.apache.catalina.startup.VersionLoggerListener.log Command line argument: -Dcatalina.base=C:\Users\thoma\IdeaProjects\WebAppProject\Catalina
16-Mar-2024 14:01:04.328 INFO [main] org.apache.catalina.startup.VersionLoggerListener.log Command line argument: -Djava.io.tmpdir=C:\Users\thoma\IdeaProjects\WebAppProject\Catalina\temp
16-Mar-2024 14:01:04.328 INFO [main] org.apache.catalina.startup.VersionLoggerListener.log Command line argument: -Djava.util.logging.config.file=C:\Users\thoma\IdeaProjects\WebAppProject\Catalina\conf\logging.properties
16-Mar-2024 14:01:04.328 INFO [main] org.apache.catalina.startup.VersionLoggerListener.log Command line argument: -Djava.util.logging.manager=org.apache.juli.ClassLoaderLogManager
16-Mar-2024 14:01:04.328 INFO [main] org.apache.catalina.startup.VersionLoggerListener.log Command line argument: -javaagent:C:\Program Files\JetBrains\IntelliJ IDEA Community Edition 2022.2.2\lib\idea_rt.jar=53495:C:\Program Files\JetBrains\IntelliJ IDEA Community Edition 2022.2.2\bin
16-Mar-2024 14:01:04.328 INFO [main] org.apache.catalina.startup.VersionLoggerListener.log Command line argument: -Dfile.encoding=UTF-8
16-Mar-2024 14:01:04.328 INFO [main] org.apache.catalina.startup.VersionLoggerListener.log Command line argument: -Dsun.stdout.encoding=UTF-8
16-Mar-2024 14:01:04.328 INFO [main] org.apache.catalina.startup.VersionLoggerListener.log Command line argument: -Dsun.stderr.encoding=UTF-8
16-Mar-2024 14:01:04.332 INFO [main] org.apache.catalina.core.AprLifecycleListener.lifecycleEvent The Apache Tomcat Native library which allows using OpenSSL was not found on the java.library.path: [C:\Program Files\Java\jdk-21\bin;C:\WINDOWS\Sun\Java\bin;C:\WINDOWS\system32;C:\WINDOWS;C:\Program Files\Common Files\Oracle\Java\javapath;C:\WINDOWS\system32;C:\WINDOWS;C:\WINDOWS\System32\Wbem;C:\WINDOWS\System32\WindowsPowerShell\v1.0\;C:\WINDOWS\System32\OpenSSH\;C:\Program Files\dotnet\;C:\Users\thoma\AppData\Local\Microsoft\WindowsApps;C:\altera\13.0sp1\modelsim_ase\win32aloem;C:\Users\thoma\AppData\Local\GitHubDesktop\bin;C:\Users\thoma\AppData\Local\Programs\Microsoft VS Code\bin;.]
16-Mar-2024 14:01:04.637 INFO [main] org.apache.coyote.AbstractProtocol.init Initializing ProtocolHandler ["http-nio-8080"]
16-Mar-2024 14:01:04.649 SEVERE [main] org.apache.catalina.util.LifecycleBase.handleSubClassException Failed to initialize component [Connector["http-nio-8080"]]
	org.apache.catalina.LifecycleException: Protocol handler initialization failed
		at org.apache.catalina.connector.Connector.initInternal(Connector.java:1015)
		at org.apache.catalina.util.LifecycleBase.init(LifecycleBase.java:127)
		at org.apache.catalina.core.StandardService.initInternal(StandardService.java:554)
		at org.apache.catalina.util.LifecycleBase.init(LifecycleBase.java:127)
		at org.apache.catalina.core.StandardServer.initInternal(StandardServer.java:1017)
		at org.apache.catalina.util.LifecycleBase.init(LifecycleBase.java:127)
		at org.apache.catalina.startup.Catalina.load(Catalina.java:708)
		at org.apache.catalina.startup.Catalina.load(Catalina.java:731)
		at java.base/jdk.internal.reflect.DirectMethodHandleAccessor.invoke(DirectMethodHandleAccessor.java:103)
		at java.base/java.lang.reflect.Method.invoke(Method.java:580)
		at org.apache.catalina.startup.Bootstrap.load(Bootstrap.java:302)
		at org.apache.catalina.startup.Bootstrap.main(Bootstrap.java:475)
	Caused by: java.net.BindException: Address already in use: bind
		at java.base/sun.nio.ch.Net.bind0(Native Method)
		at java.base/sun.nio.ch.Net.bind(Net.java:565)
		at java.base/sun.nio.ch.ServerSocketChannelImpl.netBind(ServerSocketChannelImpl.java:344)
		at java.base/sun.nio.ch.ServerSocketChannelImpl.bind(ServerSocketChannelImpl.java:301)
		at org.apache.tomcat.util.net.NioEndpoint.initServerSocket(NioEndpoint.java:247)
		at org.apache.tomcat.util.net.NioEndpoint.bind(NioEndpoint.java:202)
		at org.apache.tomcat.util.net.AbstractEndpoint.bindWithCleanup(AbstractEndpoint.java:1282)
		at org.apache.tomcat.util.net.AbstractEndpoint.init(AbstractEndpoint.java:1295)
		at org.apache.coyote.AbstractProtocol.init(AbstractProtocol.java:624)
		at org.apache.coyote.http11.AbstractHttp11Protocol.init(AbstractHttp11Protocol.java:77)
		at org.apache.catalina.connector.Connector.initInternal(Connector.java:1013)
		... 11 more
16-Mar-2024 14:01:04.650 INFO [main] org.apache.catalina.startup.Catalina.load Server initialization in [508] milliseconds
16-Mar-2024 14:01:04.701 INFO [main] org.apache.catalina.core.StandardService.startInternal Starting service [Catalina]
16-Mar-2024 14:01:04.701 INFO [main] org.apache.catalina.core.StandardEngine.startInternal Starting Servlet engine: [Apache Tomcat/10.1.19]
16-Mar-2024 14:01:04.713 INFO [main] org.apache.catalina.startup.HostConfig.deployDescriptor Deploying deployment descriptor [C:\Users\thoma\IdeaProjects\WebAppProject\Catalina\conf\Catalina\localhost\WebApp.xml]
16-Mar-2024 14:01:05.059 INFO [main] org.apache.catalina.startup.HostConfig.deployDescriptor Deployment of deployment descriptor [C:\Users\thoma\IdeaProjects\WebAppProject\Catalina\conf\Catalina\localhost\WebApp.xml] has finished in [346] ms
16-Mar-2024 14:01:05.062 INFO [main] org.apache.catalina.startup.Catalina.start Server startup in [410] milliseconds
16-Mar-2024 14:34:49.345 INFO [Thread-1] org.apache.coyote.AbstractProtocol.pause Pausing ProtocolHandler ["http-nio-8080"]
16-Mar-2024 14:34:49.346 INFO [Thread-1] org.apache.catalina.core.StandardService.stopInternal Stopping service [Catalina]
16-Mar-2024 14:34:49.356 INFO [Thread-1] org.apache.coyote.AbstractProtocol.stop Stopping ProtocolHandler ["http-nio-8080"]
16-Mar-2024 14:34:49.356 INFO [Thread-1] org.apache.coyote.AbstractProtocol.destroy Destroying ProtocolHandler ["http-nio-8080"]
16-Mar-2024 14:46:35.842 INFO [main] org.apache.catalina.startup.VersionLoggerListener.log Server version name:   Apache Tomcat/10.1.19
16-Mar-2024 14:46:35.851 INFO [main] org.apache.catalina.startup.VersionLoggerListener.log Server built:          Feb 14 2024 19:36:50 UTC
16-Mar-2024 14:46:35.851 INFO [main] org.apache.catalina.startup.VersionLoggerListener.log Server version number: 10.1.19.0
16-Mar-2024 14:46:35.852 INFO [main] org.apache.catalina.startup.VersionLoggerListener.log OS Name:               Windows 11
16-Mar-2024 14:46:35.852 INFO [main] org.apache.catalina.startup.VersionLoggerListener.log OS Version:            10.0
16-Mar-2024 14:46:35.852 INFO [main] org.apache.catalina.startup.VersionLoggerListener.log Architecture:          amd64
16-Mar-2024 14:46:35.852 INFO [main] org.apache.catalina.startup.VersionLoggerListener.log Java Home:             C:\Program Files\Java\jdk-21
16-Mar-2024 14:46:35.852 INFO [main] org.apache.catalina.startup.VersionLoggerListener.log JVM Version:           21.0.2+13-LTS-58
16-Mar-2024 14:46:35.852 INFO [main] org.apache.catalina.startup.VersionLoggerListener.log JVM Vendor:            Oracle Corporation
16-Mar-2024 14:46:35.852 INFO [main] org.apache.catalina.startup.VersionLoggerListener.log CATALINA_BASE:         C:\Users\thoma\IdeaProjects\WebAppProject\Catalina
16-Mar-2024 14:46:35.852 INFO [main] org.apache.catalina.startup.VersionLoggerListener.log CATALINA_HOME:         C:\Program Files\Apache Software Foundation\Tomcat 10.1_Tomcat10.0
16-Mar-2024 14:46:35.869 INFO [main] org.apache.catalina.startup.VersionLoggerListener.log Command line argument: --add-opens=java.base/java.lang=ALL-UNNAMED
16-Mar-2024 14:46:35.869 INFO [main] org.apache.catalina.startup.VersionLoggerListener.log Command line argument: --add-opens=java.base/java.io=ALL-UNNAMED
16-Mar-2024 14:46:35.869 INFO [main] org.apache.catalina.startup.VersionLoggerListener.log Command line argument: --add-opens=java.base/java.util=ALL-UNNAMED
16-Mar-2024 14:46:35.869 INFO [main] org.apache.catalina.startup.VersionLoggerListener.log Command line argument: --add-opens=java.base/java.util.concurrent=ALL-UNNAMED
16-Mar-2024 14:46:35.869 INFO [main] org.apache.catalina.startup.VersionLoggerListener.log Command line argument: --add-opens=java.rmi/sun.rmi.transport=ALL-UNNAMED
16-Mar-2024 14:46:35.869 INFO [main] org.apache.catalina.startup.VersionLoggerListener.log Command line argument: -Dcatalina.home=C:\Program Files\Apache Software Foundation\Tomcat 10.1_Tomcat10.0
16-Mar-2024 14:46:35.869 INFO [main] org.apache.catalina.startup.VersionLoggerListener.log Command line argument: -Dcatalina.base=C:\Users\thoma\IdeaProjects\WebAppProject\Catalina
16-Mar-2024 14:46:35.869 INFO [main] org.apache.catalina.startup.VersionLoggerListener.log Command line argument: -Djava.io.tmpdir=C:\Users\thoma\IdeaProjects\WebAppProject\Catalina\temp
16-Mar-2024 14:46:35.870 INFO [main] org.apache.catalina.startup.VersionLoggerListener.log Command line argument: -Djava.util.logging.config.file=C:\Users\thoma\IdeaProjects\WebAppProject\Catalina\conf\logging.properties
16-Mar-2024 14:46:35.870 INFO [main] org.apache.catalina.startup.VersionLoggerListener.log Command line argument: -Djava.util.logging.manager=org.apache.juli.ClassLoaderLogManager
16-Mar-2024 14:46:35.870 INFO [main] org.apache.catalina.startup.VersionLoggerListener.log Command line argument: -javaagent:C:\Program Files\JetBrains\IntelliJ IDEA Community Edition 2022.2.2\lib\idea_rt.jar=54122:C:\Program Files\JetBrains\IntelliJ IDEA Community Edition 2022.2.2\bin
16-Mar-2024 14:46:35.870 INFO [main] org.apache.catalina.startup.VersionLoggerListener.log Command line argument: -Dfile.encoding=UTF-8
16-Mar-2024 14:46:35.870 INFO [main] org.apache.catalina.startup.VersionLoggerListener.log Command line argument: -Dsun.stdout.encoding=UTF-8
16-Mar-2024 14:46:35.870 INFO [main] org.apache.catalina.startup.VersionLoggerListener.log Command line argument: -Dsun.stderr.encoding=UTF-8
16-Mar-2024 14:46:35.875 INFO [main] org.apache.catalina.core.AprLifecycleListener.lifecycleEvent The Apache Tomcat Native library which allows using OpenSSL was not found on the java.library.path: [C:\Program Files\Java\jdk-21\bin;C:\WINDOWS\Sun\Java\bin;C:\WINDOWS\system32;C:\WINDOWS;C:\Program Files\Common Files\Oracle\Java\javapath;C:\WINDOWS\system32;C:\WINDOWS;C:\WINDOWS\System32\Wbem;C:\WINDOWS\System32\WindowsPowerShell\v1.0\;C:\WINDOWS\System32\OpenSSH\;C:\Program Files\dotnet\;C:\Users\thoma\AppData\Local\Microsoft\WindowsApps;C:\altera\13.0sp1\modelsim_ase\win32aloem;C:\Users\thoma\AppData\Local\GitHubDesktop\bin;C:\Users\thoma\AppData\Local\Programs\Microsoft VS Code\bin;.]
16-Mar-2024 14:46:36.282 INFO [main] org.apache.coyote.AbstractProtocol.init Initializing ProtocolHandler ["http-nio-8080"]
16-Mar-2024 14:46:36.305 SEVERE [main] org.apache.catalina.util.LifecycleBase.handleSubClassException Failed to initialize component [Connector["http-nio-8080"]]
	org.apache.catalina.LifecycleException: Protocol handler initialization failed
		at org.apache.catalina.connector.Connector.initInternal(Connector.java:1015)
		at org.apache.catalina.util.LifecycleBase.init(LifecycleBase.java:127)
		at org.apache.catalina.core.StandardService.initInternal(StandardService.java:554)
		at org.apache.catalina.util.LifecycleBase.init(LifecycleBase.java:127)
		at org.apache.catalina.core.StandardServer.initInternal(StandardServer.java:1017)
		at org.apache.catalina.util.LifecycleBase.init(LifecycleBase.java:127)
		at org.apache.catalina.startup.Catalina.load(Catalina.java:708)
		at org.apache.catalina.startup.Catalina.load(Catalina.java:731)
		at java.base/jdk.internal.reflect.DirectMethodHandleAccessor.invoke(DirectMethodHandleAccessor.java:103)
		at java.base/java.lang.reflect.Method.invoke(Method.java:580)
		at org.apache.catalina.startup.Bootstrap.load(Bootstrap.java:302)
		at org.apache.catalina.startup.Bootstrap.main(Bootstrap.java:475)
	Caused by: java.net.BindException: Address already in use: bind
		at java.base/sun.nio.ch.Net.bind0(Native Method)
		at java.base/sun.nio.ch.Net.bind(Net.java:565)
		at java.base/sun.nio.ch.ServerSocketChannelImpl.netBind(ServerSocketChannelImpl.java:344)
		at java.base/sun.nio.ch.ServerSocketChannelImpl.bind(ServerSocketChannelImpl.java:301)
		at org.apache.tomcat.util.net.NioEndpoint.initServerSocket(NioEndpoint.java:247)
		at org.apache.tomcat.util.net.NioEndpoint.bind(NioEndpoint.java:202)
		at org.apache.tomcat.util.net.AbstractEndpoint.bindWithCleanup(AbstractEndpoint.java:1282)
		at org.apache.tomcat.util.net.AbstractEndpoint.init(AbstractEndpoint.java:1295)
		at org.apache.coyote.AbstractProtocol.init(AbstractProtocol.java:624)
		at org.apache.coyote.http11.AbstractHttp11Protocol.init(AbstractHttp11Protocol.java:77)
		at org.apache.catalina.connector.Connector.initInternal(Connector.java:1013)
		... 11 more
16-Mar-2024 14:46:36.307 INFO [main] org.apache.catalina.startup.Catalina.load Server initialization in [682] milliseconds
16-Mar-2024 14:46:36.375 INFO [main] org.apache.catalina.core.StandardService.startInternal Starting service [Catalina]
16-Mar-2024 14:46:36.375 INFO [main] org.apache.catalina.core.StandardEngine.startInternal Starting Servlet engine: [Apache Tomcat/10.1.19]
16-Mar-2024 14:46:36.389 INFO [main] org.apache.catalina.startup.HostConfig.deployDescriptor Deploying deployment descriptor [C:\Users\thoma\IdeaProjects\WebAppProject\Catalina\conf\Catalina\localhost\WebApp.xml]
16-Mar-2024 14:46:36.946 INFO [main] org.apache.catalina.startup.HostConfig.deployDescriptor Deployment of deployment descriptor [C:\Users\thoma\IdeaProjects\WebAppProject\Catalina\conf\Catalina\localhost\WebApp.xml] has finished in [556] ms
16-Mar-2024 14:46:36.953 INFO [main] org.apache.catalina.startup.Catalina.start Server startup in [644] milliseconds
16-Mar-2024 15:07:23.825 INFO [Thread-1] org.apache.coyote.AbstractProtocol.pause Pausing ProtocolHandler ["http-nio-8080"]
16-Mar-2024 15:07:23.826 INFO [Thread-1] org.apache.catalina.core.StandardService.stopInternal Stopping service [Catalina]
16-Mar-2024 15:07:23.835 INFO [Thread-1] org.apache.coyote.AbstractProtocol.stop Stopping ProtocolHandler ["http-nio-8080"]
16-Mar-2024 15:07:23.835 INFO [Thread-1] org.apache.coyote.AbstractProtocol.destroy Destroying ProtocolHandler ["http-nio-8080"]
16-Mar-2024 15:10:50.000 INFO [main] org.apache.catalina.startup.VersionLoggerListener.log Server version name:   Apache Tomcat/10.1.19
16-Mar-2024 15:10:50.004 INFO [main] org.apache.catalina.startup.VersionLoggerListener.log Server built:          Feb 14 2024 19:36:50 UTC
16-Mar-2024 15:10:50.004 INFO [main] org.apache.catalina.startup.VersionLoggerListener.log Server version number: 10.1.19.0
16-Mar-2024 15:10:50.004 INFO [main] org.apache.catalina.startup.VersionLoggerListener.log OS Name:               Windows 11
16-Mar-2024 15:10:50.004 INFO [main] org.apache.catalina.startup.VersionLoggerListener.log OS Version:            10.0
16-Mar-2024 15:10:50.004 INFO [main] org.apache.catalina.startup.VersionLoggerListener.log Architecture:          amd64
16-Mar-2024 15:10:50.004 INFO [main] org.apache.catalina.startup.VersionLoggerListener.log Java Home:             C:\Program Files\Java\jdk-21
16-Mar-2024 15:10:50.004 INFO [main] org.apache.catalina.startup.VersionLoggerListener.log JVM Version:           21.0.2+13-LTS-58
16-Mar-2024 15:10:50.004 INFO [main] org.apache.catalina.startup.VersionLoggerListener.log JVM Vendor:            Oracle Corporation
16-Mar-2024 15:10:50.005 INFO [main] org.apache.catalina.startup.VersionLoggerListener.log CATALINA_BASE:         C:\Users\thoma\IdeaProjects\WebAppProject\Catalina
16-Mar-2024 15:10:50.005 INFO [main] org.apache.catalina.startup.VersionLoggerListener.log CATALINA_HOME:         C:\Program Files\Apache Software Foundation\Tomcat 10.1_Tomcat10.0
16-Mar-2024 15:10:50.015 INFO [main] org.apache.catalina.startup.VersionLoggerListener.log Command line argument: --add-opens=java.base/java.lang=ALL-UNNAMED
16-Mar-2024 15:10:50.015 INFO [main] org.apache.catalina.startup.VersionLoggerListener.log Command line argument: --add-opens=java.base/java.io=ALL-UNNAMED
16-Mar-2024 15:10:50.016 INFO [main] org.apache.catalina.startup.VersionLoggerListener.log Command line argument: --add-opens=java.base/java.util=ALL-UNNAMED
16-Mar-2024 15:10:50.016 INFO [main] org.apache.catalina.startup.VersionLoggerListener.log Command line argument: --add-opens=java.base/java.util.concurrent=ALL-UNNAMED
16-Mar-2024 15:10:50.016 INFO [main] org.apache.catalina.startup.VersionLoggerListener.log Command line argument: --add-opens=java.rmi/sun.rmi.transport=ALL-UNNAMED
16-Mar-2024 15:10:50.016 INFO [main] org.apache.catalina.startup.VersionLoggerListener.log Command line argument: -Dcatalina.home=C:\Program Files\Apache Software Foundation\Tomcat 10.1_Tomcat10.0
16-Mar-2024 15:10:50.016 INFO [main] org.apache.catalina.startup.VersionLoggerListener.log Command line argument: -Dcatalina.base=C:\Users\thoma\IdeaProjects\WebAppProject\Catalina
16-Mar-2024 15:10:50.016 INFO [main] org.apache.catalina.startup.VersionLoggerListener.log Command line argument: -Djava.io.tmpdir=C:\Users\thoma\IdeaProjects\WebAppProject\Catalina\temp
16-Mar-2024 15:10:50.016 INFO [main] org.apache.catalina.startup.VersionLoggerListener.log Command line argument: -Djava.util.logging.config.file=C:\Users\thoma\IdeaProjects\WebAppProject\Catalina\conf\logging.properties
16-Mar-2024 15:10:50.016 INFO [main] org.apache.catalina.startup.VersionLoggerListener.log Command line argument: -Djava.util.logging.manager=org.apache.juli.ClassLoaderLogManager
16-Mar-2024 15:10:50.016 INFO [main] org.apache.catalina.startup.VersionLoggerListener.log Command line argument: -javaagent:C:\Program Files\JetBrains\IntelliJ IDEA Community Edition 2022.2.2\lib\idea_rt.jar=54495:C:\Program Files\JetBrains\IntelliJ IDEA Community Edition 2022.2.2\bin
16-Mar-2024 15:10:50.017 INFO [main] org.apache.catalina.startup.VersionLoggerListener.log Command line argument: -Dfile.encoding=UTF-8
16-Mar-2024 15:10:50.017 INFO [main] org.apache.catalina.startup.VersionLoggerListener.log Command line argument: -Dsun.stdout.encoding=UTF-8
16-Mar-2024 15:10:50.017 INFO [main] org.apache.catalina.startup.VersionLoggerListener.log Command line argument: -Dsun.stderr.encoding=UTF-8
16-Mar-2024 15:10:50.021 INFO [main] org.apache.catalina.core.AprLifecycleListener.lifecycleEvent The Apache Tomcat Native library which allows using OpenSSL was not found on the java.library.path: [C:\Program Files\Java\jdk-21\bin;C:\WINDOWS\Sun\Java\bin;C:\WINDOWS\system32;C:\WINDOWS;C:\Program Files\Common Files\Oracle\Java\javapath;C:\WINDOWS\system32;C:\WINDOWS;C:\WINDOWS\System32\Wbem;C:\WINDOWS\System32\WindowsPowerShell\v1.0\;C:\WINDOWS\System32\OpenSSH\;C:\Program Files\dotnet\;C:\Users\thoma\AppData\Local\Microsoft\WindowsApps;C:\altera\13.0sp1\modelsim_ase\win32aloem;C:\Users\thoma\AppData\Local\GitHubDesktop\bin;C:\Users\thoma\AppData\Local\Programs\Microsoft VS Code\bin;.]
16-Mar-2024 15:10:50.384 INFO [main] org.apache.coyote.AbstractProtocol.init Initializing ProtocolHandler ["http-nio-8080"]
16-Mar-2024 15:10:50.398 SEVERE [main] org.apache.catalina.util.LifecycleBase.handleSubClassException Failed to initialize component [Connector["http-nio-8080"]]
	org.apache.catalina.LifecycleException: Protocol handler initialization failed
		at org.apache.catalina.connector.Connector.initInternal(Connector.java:1015)
		at org.apache.catalina.util.LifecycleBase.init(LifecycleBase.java:127)
		at org.apache.catalina.core.StandardService.initInternal(StandardService.java:554)
		at org.apache.catalina.util.LifecycleBase.init(LifecycleBase.java:127)
		at org.apache.catalina.core.StandardServer.initInternal(StandardServer.java:1017)
		at org.apache.catalina.util.LifecycleBase.init(LifecycleBase.java:127)
		at org.apache.catalina.startup.Catalina.load(Catalina.java:708)
		at org.apache.catalina.startup.Catalina.load(Catalina.java:731)
		at java.base/jdk.internal.reflect.DirectMethodHandleAccessor.invoke(DirectMethodHandleAccessor.java:103)
		at java.base/java.lang.reflect.Method.invoke(Method.java:580)
		at org.apache.catalina.startup.Bootstrap.load(Bootstrap.java:302)
		at org.apache.catalina.startup.Bootstrap.main(Bootstrap.java:475)
	Caused by: java.net.BindException: Address already in use: bind
		at java.base/sun.nio.ch.Net.bind0(Native Method)
		at java.base/sun.nio.ch.Net.bind(Net.java:565)
		at java.base/sun.nio.ch.ServerSocketChannelImpl.netBind(ServerSocketChannelImpl.java:344)
		at java.base/sun.nio.ch.ServerSocketChannelImpl.bind(ServerSocketChannelImpl.java:301)
		at org.apache.tomcat.util.net.NioEndpoint.initServerSocket(NioEndpoint.java:247)
		at org.apache.tomcat.util.net.NioEndpoint.bind(NioEndpoint.java:202)
		at org.apache.tomcat.util.net.AbstractEndpoint.bindWithCleanup(AbstractEndpoint.java:1282)
		at org.apache.tomcat.util.net.AbstractEndpoint.init(AbstractEndpoint.java:1295)
		at org.apache.coyote.AbstractProtocol.init(AbstractProtocol.java:624)
		at org.apache.coyote.http11.AbstractHttp11Protocol.init(AbstractHttp11Protocol.java:77)
		at org.apache.catalina.connector.Connector.initInternal(Connector.java:1013)
		... 11 more
16-Mar-2024 15:10:50.399 INFO [main] org.apache.catalina.startup.Catalina.load Server initialization in [587] milliseconds
16-Mar-2024 15:10:50.457 INFO [main] org.apache.catalina.core.StandardService.startInternal Starting service [Catalina]
16-Mar-2024 15:10:50.457 INFO [main] org.apache.catalina.core.StandardEngine.startInternal Starting Servlet engine: [Apache Tomcat/10.1.19]
16-Mar-2024 15:10:50.470 INFO [main] org.apache.catalina.startup.HostConfig.deployDescriptor Deploying deployment descriptor [C:\Users\thoma\IdeaProjects\WebAppProject\Catalina\conf\Catalina\localhost\WebApp.xml]
16-Mar-2024 15:10:50.925 INFO [main] org.apache.catalina.startup.HostConfig.deployDescriptor Deployment of deployment descriptor [C:\Users\thoma\IdeaProjects\WebAppProject\Catalina\conf\Catalina\localhost\WebApp.xml] has finished in [454] ms
16-Mar-2024 15:10:50.926 INFO [main] org.apache.catalina.startup.HostConfig.deployDirectory Deploying web application directory [C:\Users\thoma\IdeaProjects\WebAppProject\Catalina\webapps\img]
16-Mar-2024 15:10:50.965 INFO [main] org.apache.catalina.startup.HostConfig.deployDirectory Deployment of web application directory [C:\Users\thoma\IdeaProjects\WebAppProject\Catalina\webapps\img] has finished in [40] ms
16-Mar-2024 15:10:50.970 INFO [main] org.apache.catalina.startup.Catalina.start Server startup in [568] milliseconds
