23-Mar-2024 11:50:56.709 INFO [main] org.apache.catalina.startup.VersionLoggerListener.log Server version name:   Apache Tomcat/10.1.19
23-Mar-2024 11:50:56.711 INFO [main] org.apache.catalina.startup.VersionLoggerListener.log Server built:          Feb 14 2024 19:36:50 UTC
23-Mar-2024 11:50:56.711 INFO [main] org.apache.catalina.startup.VersionLoggerListener.log Server version number: 10.1.19.0
23-Mar-2024 11:50:56.711 INFO [main] org.apache.catalina.startup.VersionLoggerListener.log OS Name:               Windows 11
23-Mar-2024 11:50:56.711 INFO [main] org.apache.catalina.startup.VersionLoggerListener.log OS Version:            10.0
23-Mar-2024 11:50:56.711 INFO [main] org.apache.catalina.startup.VersionLoggerListener.log Architecture:          amd64
23-Mar-2024 11:50:56.711 INFO [main] org.apache.catalina.startup.VersionLoggerListener.log Java Home:             C:\Users\Ben\.jdks\corretto-21.0.2
23-Mar-2024 11:50:56.711 INFO [main] org.apache.catalina.startup.VersionLoggerListener.log JVM Version:           21.0.2+13-LTS
23-Mar-2024 11:50:56.711 INFO [main] org.apache.catalina.startup.VersionLoggerListener.log JVM Vendor:            Amazon.com Inc.
23-Mar-2024 11:50:56.712 INFO [main] org.apache.catalina.startup.VersionLoggerListener.log CATALINA_BASE:         C:\Users\Ben\Documents\GitHub\HotelDatabaseProject
23-Mar-2024 11:50:56.712 INFO [main] org.apache.catalina.startup.VersionLoggerListener.log CATALINA_HOME:         C:\Users\Ben\Downloads\apache-tomcat-10.1.19-windows-x64\apache-tomcat-10.1.19
23-Mar-2024 11:50:56.716 INFO [main] org.apache.catalina.startup.VersionLoggerListener.log Command line argument: --add-opens=java.base/java.lang=ALL-UNNAMED
23-Mar-2024 11:50:56.716 INFO [main] org.apache.catalina.startup.VersionLoggerListener.log Command line argument: --add-opens=java.base/java.io=ALL-UNNAMED
23-Mar-2024 11:50:56.716 INFO [main] org.apache.catalina.startup.VersionLoggerListener.log Command line argument: --add-opens=java.base/java.util=ALL-UNNAMED
23-Mar-2024 11:50:56.716 INFO [main] org.apache.catalina.startup.VersionLoggerListener.log Command line argument: --add-opens=java.base/java.util.concurrent=ALL-UNNAMED
23-Mar-2024 11:50:56.716 INFO [main] org.apache.catalina.startup.VersionLoggerListener.log Command line argument: --add-opens=java.rmi/sun.rmi.transport=ALL-UNNAMED
23-Mar-2024 11:50:56.716 INFO [main] org.apache.catalina.startup.VersionLoggerListener.log Command line argument: -Dcatalina.home=C:\Users\Ben\Downloads\apache-tomcat-10.1.19-windows-x64\apache-tomcat-10.1.19
23-Mar-2024 11:50:56.716 INFO [main] org.apache.catalina.startup.VersionLoggerListener.log Command line argument: -Dcatalina.base=C:\Users\Ben\Documents\GitHub\HotelDatabaseProject
23-Mar-2024 11:50:56.716 INFO [main] org.apache.catalina.startup.VersionLoggerListener.log Command line argument: -Djava.io.tmpdir=C:\Users\Ben\Documents\GitHub\HotelDatabaseProject\temp
23-Mar-2024 11:50:56.716 INFO [main] org.apache.catalina.startup.VersionLoggerListener.log Command line argument: -Djava.util.logging.config.file=C:\Users\Ben\Documents\GitHub\HotelDatabaseProject\conf\logging.properties
23-Mar-2024 11:50:56.716 INFO [main] org.apache.catalina.startup.VersionLoggerListener.log Command line argument: -Djava.util.logging.manager=org.apache.juli.ClassLoaderLogManager
23-Mar-2024 11:50:56.716 INFO [main] org.apache.catalina.startup.VersionLoggerListener.log Command line argument: -javaagent:C:\Program Files\JetBrains\IntelliJ IDEA Community Edition 2023.3.5\lib\idea_rt.jar=51249:C:\Program Files\JetBrains\IntelliJ IDEA Community Edition 2023.3.5\bin
23-Mar-2024 11:50:56.716 INFO [main] org.apache.catalina.startup.VersionLoggerListener.log Command line argument: -Dfile.encoding=UTF-8
23-Mar-2024 11:50:56.716 INFO [main] org.apache.catalina.startup.VersionLoggerListener.log Command line argument: -Dsun.stdout.encoding=UTF-8
23-Mar-2024 11:50:56.717 INFO [main] org.apache.catalina.startup.VersionLoggerListener.log Command line argument: -Dsun.stderr.encoding=UTF-8
23-Mar-2024 11:50:56.718 INFO [main] org.apache.catalina.core.AprLifecycleListener.lifecycleEvent Loaded Apache Tomcat Native library [2.0.7] using APR version [1.7.4].
23-Mar-2024 11:50:56.721 INFO [main] org.apache.catalina.core.AprLifecycleListener.initializeSSL OpenSSL successfully initialized [OpenSSL 3.0.13 30 Jan 2024]
23-Mar-2024 11:50:56.888 INFO [main] org.apache.coyote.AbstractProtocol.init Initializing ProtocolHandler ["http-nio-8080"]
23-Mar-2024 11:50:56.896 INFO [main] org.apache.catalina.startup.Catalina.load Server initialization in [281] milliseconds
23-Mar-2024 11:50:56.928 INFO [main] org.apache.catalina.core.StandardService.startInternal Starting service [Catalina]
23-Mar-2024 11:50:56.928 INFO [main] org.apache.catalina.core.StandardEngine.startInternal Starting Servlet engine: [Apache Tomcat/10.1.19]
23-Mar-2024 11:50:56.934 INFO [main] org.apache.catalina.startup.HostConfig.deployDescriptor Deploying deployment descriptor [C:\Users\Ben\Documents\GitHub\HotelDatabaseProject\conf\Catalina\localhost\WebProject.xml]
23-Mar-2024 11:50:57.248 INFO [main] org.apache.jasper.servlet.TldScanner.scanJars At least one JAR was scanned for TLDs yet contained no TLDs. Enable debug logging for this logger for a complete list of JARs that were scanned but no TLDs were found in them. Skipping unneeded JARs during scanning can improve startup time and JSP compilation time.
23-Mar-2024 11:50:57.270 INFO [main] org.apache.catalina.startup.HostConfig.deployDescriptor Deployment of deployment descriptor [C:\Users\Ben\Documents\GitHub\HotelDatabaseProject\conf\Catalina\localhost\WebProject.xml] has finished in [336] ms
23-Mar-2024 11:50:57.272 INFO [main] org.apache.coyote.AbstractProtocol.start Starting ProtocolHandler ["http-nio-8080"]
23-Mar-2024 11:50:57.283 INFO [main] org.apache.catalina.startup.Catalina.start Server startup in [385] milliseconds
23-Mar-2024 11:52:35.651 INFO [Thread-1] org.apache.coyote.AbstractProtocol.pause Pausing ProtocolHandler ["http-nio-8080"]
23-Mar-2024 11:52:35.652 INFO [Thread-1] org.apache.catalina.core.StandardService.stopInternal Stopping service [Catalina]
23-Mar-2024 11:52:35.657 INFO [Thread-1] org.apache.coyote.AbstractProtocol.stop Stopping ProtocolHandler ["http-nio-8080"]
23-Mar-2024 11:52:35.660 INFO [Thread-1] org.apache.coyote.AbstractProtocol.destroy Destroying ProtocolHandler ["http-nio-8080"]
